<?xml version="1.0" encoding="UTF-8"?>
<!-- Generated by org.testng.reporters.JUnitReportReporter -->
<testsuite hostname="GWTN156-9" failures="0" tests="1" name="tests_michroTech.Test_Employee_Login" time="2.547" errors="0" timestamp="2023-12-21T16:41:03 MST" skipped="1">
  <testcase classname="tests_michroTech.Test_Employee_Login" name="test_Employee_Login" time="2.547">
    <skipped/>
  </testcase> <!-- test_Employee_Login -->
  <system-out/>
</testsuite> <!-- tests_michroTech.Test_Employee_Login -->
