<?xml version="1.0" encoding="UTF-8"?>
<!-- Generated by org.testng.reporters.JUnitReportReporter -->
<testsuite hostname="GWTN156-9" failures="0" tests="1" name="tests_michroTech.Test_Create_Order" time="6.982" errors="0" timestamp="2023-12-21T16:41:03 MST" skipped="0">
  <testcase classname="tests_michroTech.Test_Create_Order" name="test_Create_Order" time="6.982"/>
  <system-out/>
</testsuite> <!-- tests_michroTech.Test_Create_Order -->
