<?xml version="1.0" encoding="UTF-8"?>
<!-- Generated by org.testng.reporters.JUnitReportReporter -->
<testsuite hostname="GWTN156-9" failures="0" tests="1" name="tests_swagLab.Test_Swag_Lab_Login" time="18.942" errors="0" timestamp="2023-12-21T16:41:03 MST" skipped="0">
  <testcase classname="tests_swagLab.Test_Swag_Lab_Login" name="test_Swag" time="18.942"/>
  <system-out/>
</testsuite> <!-- tests_swagLab.Test_Swag_Lab_Login -->
